Arguments: 
  /usr/local/bin/node /usr/local/bin/yarn add react

PATH: 
  /usr/local/bin:/usr/bin:/bin:/usr/sbin:/sbin

Yarn version: 
  1.19.0

Node version: 
  10.16.3

Platform: 
  darwin x64

Trace: 
  Error: EACCES: permission denied, scandir '/Users/rafaelllfreire/.config/yarn/link'

npm manifest: 
  {
    "name": "gobarber",
    "version": "1.0.0",
    "description": "",
    "main": "index.js",
    "scripts": {
      "test": "echo \"Error: no test specified\" && exit 1"
    },
    "keywords": [],
    "author": "",
    "license": "ISC",
    "dependencies": {
      "express": "^4.17.1",
      "yarn": "^1.19.0"
    }
  }

yarn manifest: 
  No manifest

Lockfile: 
  No lockfile
